<?xml version="1.0" encoding="utf-8"?><testsuites name="pytest tests"><testsuite name="pytest" errors="0" failures="0" skipped="0" tests="20" time="1.888" timestamp="2026-06-23T10:22:20.156898+00:00" hostname="agent-env-36a74524-eabd-4cbf-9abc-13d829204917"><testcase classname="tests.test_spardhahub.TestAuth" name="test_register_returns_token_and_user" time="0.345" /><testcase classname="tests.test_spardhahub.TestAuth" name="test_register_duplicate_email" time="0.043" /><testcase classname="tests.test_spardhahub.TestAuth" name="test_login_success" time="0.268" /><testcase classname="tests.test_spardhahub.TestAuth" name="test_login_wrong_password" time="0.265" /><testcase classname="tests.test_spardhahub.TestAuth" name="test_me_with_token" time="0.043" /><testcase classname="tests.test_spardhahub.TestAuth" name="test_me_without_token" time="0.042" /><testcase classname="tests.test_spardhahub.TestExams" name="test_list_exams_total_20" time="0.045" /><testcase classname="tests.test_spardhahub.TestExams" name="test_get_exam_detail" time="0.041" /><testcase classname="tests.test_spardhahub.TestExams" name="test_get_exam_not_found" time="0.040" /><testcase classname="tests.test_spardhahub.TestEligibility" name="test_eligibility_check" time="0.046" /><testcase classname="tests.test_spardhahub.TestEligibility" name="test_eligibility_bad_dob" time="0.081" /><testcase classname="tests.test_spardhahub.TestSalary" name="test_salary_upsc" time="0.041" /><testcase classname="tests.test_spardhahub.TestSalary" name="test_salary_not_found" time="0.045" /><testcase classname="tests.test_spardhahub.TestRoadmap" name="test_roadmap_mpsc" time="0.043" /><testcase classname="tests.test_spardhahub.TestAlerts" name="test_alerts" time="0.040" /><testcase classname="tests.test_spardhahub.TestCurrentAffairs" name="test_ca_all" time="0.042" /><testcase classname="tests.test_spardhahub.TestCurrentAffairs" name="test_ca_filter" time="0.039" /><testcase classname="tests.test_spardhahub.TestProgress" name="test_progress_requires_auth" time="0.086" /><testcase classname="tests.test_spardhahub.TestProgress" name="test_progress_save_and_get" time="0.124" /><testcase classname="tests.test_spardhahub.TestProgress" name="test_progress_bad_exam" time="0.082" /></testsuite></testsuites>